20222523	18:25:28	1900e789-9198-4ff6-9157-d2885d1e9182	POST	undefined	/usersData/users/login
20222623	18:26:39	4acb5f47-eb55-4969-a301-098d55b651e3	POST	undefined	/usersData/users/login
20222723	18:27:53	6d7adab9-8816-4133-9476-d625a3950a72	POST	undefined	/usersData/users/login
20222923	18:29:44	409692c5-5988-4927-89d1-059ad9115938	POST	undefined	/usersData/users/signup
20223023	18:30:34	6e12e686-6d1a-4fe0-8ff2-b4b7c769e86c	POST	undefined	/usersData/users/login
20223723	18:37:43	c3c0908c-6ef7-4c59-8fdc-c85a956b6b47	POST	undefined	/usersData/users/login
20224223	18:42:09	3676f6f7-607f-43c4-9d2f-22b8d27f8a2f	POST	undefined	/usersData/users/login
20224623	18:46:24	e910d8e8-a26b-4cd1-9686-a22cfb14ef14	POST	undefined	/usersData/users/login
20224623	18:46:53	b1eaa42e-5c4e-4910-86fb-b1a3be44313f	POST	undefined	/usersData/users/login
20224723	18:47:08	1c1e2045-8ac8-4e31-9bbd-5f364fc7c776	GET	undefined	/usersData/users/
20224723	18:47:16	83c3f120-259c-4d76-8244-a03795512b63	POST	undefined	/usersData/users/signup
20224723	18:47:49	f805dcda-5d22-449c-aace-814071bbe8bf	POST	undefined	/usersData/users/signup
20224823	18:48:26	066455e2-485c-4c0f-ad58-d9ae8d9906df	POST	undefined	/usersData/users/login
20225223	18:52:10	76cba75e-2d4b-4dba-b541-d7488605143e	POST	undefined	/usersData/users/signup
20225223	18:52:19	34cf14b1-cab9-453d-9f70-a9707788293f	POST	undefined	/usersData/users/signup
20225223	18:52:40	d92761b4-b718-4081-98ff-21d5b8e83c44	POST	undefined	/usersData/users/login
20225623	18:56:32	0cf30e7d-4575-4c4b-9268-eb3610d714ec	POST	undefined	/usersData/users/login
20225723	18:57:14	67acdff6-3017-4969-8335-bd1a2cd6ea23	POST	undefined	/usersData/users/login
20225823	18:58:57	8752f117-d3d8-49ba-a0f6-11a1145d05ff	POST	undefined	/usersData/users/login
20225923	18:59:13	de7c78c0-e404-41ad-9706-86ec6f4aa4f0	POST	undefined	/usersData/users/login
20220623	19:06:13	78acc322-9752-49aa-9515-447f96d74fe8	POST	undefined	/usersData/users/login
20220623	19:06:35	26cde3ff-be54-4993-a8bf-db1d0dcee31e	POST	undefined	/usersData/users/login
20221623	19:16:37	41eea4fa-6921-4c5e-8742-ab82dcc46955	POST	undefined	/usersData/users/login
20222923	20:29:34	b0a96ba5-7686-4a17-b020-fafc028f677e	POST	undefined	/usersData/users/login
20223023	20:30:01	25537ad2-de83-43f6-9904-b21b0c5a29e6	POST	undefined	/usersData/users/login
20223123	20:31:42	f2ad1f6b-c737-4b10-87c6-8d930f683d0e	POST	undefined	/usersData/users/login
20223123	20:31:54	13d83426-78b7-4454-9b26-0d998d5f7edb	POST	undefined	/usersData/users/login
20223223	20:32:04	eb5f26bd-39c1-4ae2-b50f-afc48ce0edfe	POST	undefined	/usersData/users/login
20223223	20:32:15	7480b722-2e0d-41d4-bd55-000019657945	POST	undefined	/usersData/users/login
20223323	20:33:08	53c68af0-2809-4807-8207-90ef3c162b36	POST	undefined	/usersData/users/login
20223423	20:34:26	3ad42e33-a71c-40a5-baf6-fba14453f9b2	POST	undefined	/usersData/users/login
20223623	20:36:11	c59f2601-2d22-4365-a71d-72aff69dce42	POST	undefined	/usersData/users/signup
20223823	20:38:25	6faf384d-3d53-413e-8363-3b824681483f	POST	undefined	/usersData/users/signup
20223823	20:38:47	3fde5ec6-1c82-4dfd-a7db-95b8f6988e96	POST	undefined	/usersData/users/signup
20223923	20:39:08	a3694622-7f80-4705-8eb0-8717728f5120	POST	undefined	/usersData/users/login
20224123	20:41:21	427ef506-41ab-4beb-92ce-3c19e5aaaaf7	POST	undefined	/usersData/users/signup
20224123	20:41:25	5130da38-add0-4bbb-a29c-85b9e7326aa8	POST	undefined	/usersData/users/signup
20224223	20:42:26	c398a451-0349-4b47-a642-c60308ccf653	POST	undefined	/usersData/users/login
20224223	20:42:36	a20d484e-02cd-4bf7-9207-c4809f391897	POST	undefined	/usersData/users/signup
20224423	20:44:06	29ba25ce-30ad-44a2-9bed-42305c10e4e1	POST	undefined	/usersData/users/signup
20224423	20:44:16	e9a022d9-51e3-475c-89e8-452d6ab192e9	POST	undefined	/usersData/users/signup
20224623	20:46:16	31af64cc-0780-461c-89d6-b4150c8f2feb	POST	undefined	/usersData/users/signup
20224623	20:46:35	b874152e-817d-4807-bf78-f865ee75e3b2	POST	undefined	/usersData/users/login
20224923	20:49:44	ac089f42-23ed-44e7-add1-e94f0e5934a3	POST	undefined	/usersData/users/signup
20224923	20:49:57	d98af357-9882-468d-a7d0-b8fc9cd1646e	POST	undefined	/usersData/users/login
20224023	21:40:54	d983b038-2828-476d-9ce2-cfe89c1b262c	POST	undefined	/usersData/users/signup
20224123	21:41:08	d8376d85-cfb4-49d6-8a44-f82aaf356099	POST	undefined	/usersData/users/login
20225023	21:50:03	bbabf29c-94e0-4871-8612-a0a19b0ef306	GET	undefined	/usersData/users
20225023	21:50:34	20a06ad8-3e18-4896-8e10-abc2b80bcb95	POST	undefined	/usersData/users/signup
20225023	21:50:57	93a717eb-44cc-43be-a1c1-254b334d4e13	POST	undefined	/usersData/users/login
